<?xml version="1.0" encoding="UTF-8"?>
<testsuite xmlns:xsi="http://www.w3.org/2001/XMLSchema-instance" xsi:noNamespaceSchemaLocation="https://maven.apache.org/surefire/maven-surefire-plugin/xsd/surefire-test-report-3.0.xsd" version="3.0" name="com.whale.web.documents.DocumentsTest" time="2.211" tests="14" errors="0" skipped="0" failures="0">
  <properties>
[...]
</properties>
  <testcase name="testQRCodeGeneratorWhatsapp" classname="com.whale.web.documents.DocumentsTest" time="0.307">
    <system-out><![CDATA[2023-12-04T19:33:12.019-03:00  INFO 23988 --- [           main] t.c.s.AnnotationConfigContextLoaderUtils : Could not detect default configuration classes for test class [com.whale.web.documents.DocumentsTest]: DocumentsTest does not declare any static, non-private, non-final, nested classes annotated with @Configuration.
2023-12-04T19:33:12.043-03:00  INFO 23988 --- [           main] .b.t.c.SpringBootTestContextBootstrapper : Found @SpringBootConfiguration com.whale.web.WhaleApiApplication for test class com.whale.web.documents.DocumentsTest
2023-12-04T19:33:12.050-03:00  INFO 23988 --- [           main] o.s.b.d.r.RestartApplicationListener     : Restart disabled due to context in which it is running

  .   ____          _            __ _ _
 /\\ / ___'_ __ _ _(_)_ __  __ _ \ \ \ \
( ( )\___ | '_ | '_| | '_ \/ _` | \ \ \ \
 \\/  ___)| |_)| | | | | || (_| |  ) ) ) )
  '  |____| .__|_| |_|_| |_\__, | / / / /
 =========|_|==============|___/=/_/_/_/
 :: Spring Boot ::                (v3.1.5)

2023-12-04T19:33:12.079-03:00  INFO 23988 --- [           main] com.whale.web.documents.DocumentsTest    : Starting DocumentsTest using Java 17.0.8 with PID 23988 (started by kleby in D:\TI\workspace\teste\bigwhale-api)
2023-12-04T19:33:12.079-03:00  INFO 23988 --- [           main] com.whale.web.documents.DocumentsTest    : The following 1 profile is active: "prod"
2023-12-04T19:33:13.444-03:00  INFO 23988 --- [           main] o.s.b.t.m.w.SpringBootMockServletContext : Initializing Spring TestDispatcherServlet ''
2023-12-04T19:33:13.445-03:00  INFO 23988 --- [           main] o.s.t.web.servlet.TestDispatcherServlet  : Initializing Servlet ''
2023-12-04T19:33:13.452-03:00  INFO 23988 --- [           main] o.s.b.a.e.web.EndpointLinksResolver      : Exposing 1 endpoint(s) beneath base path '/actuator'
2023-12-04T19:33:13.457-03:00  INFO 23988 --- [           main] o.s.t.web.servlet.TestDispatcherServlet  : Completed initialization in 12 ms
2023-12-04T19:33:13.488-03:00  INFO 23988 --- [           main] com.whale.web.documents.DocumentsTest    : Started DocumentsTest in 1.439 seconds (process running for 8.16)
2023-12-04T19:33:13.797-03:00  INFO 23988 --- [           main] c.w.web.documents.DocumentsController    : QRCOde Whatsapp generated successfully
]]></system-out>
  </testcase>
  <testcase name="shouldReturnARedirectionStatusCode500" classname="com.whale.web.documents.DocumentsTest" time="0.052">
    <system-out><![CDATA[2023-12-04T19:33:13.856-03:00 ERROR 23988 --- [           main] c.w.web.documents.DocumentsController    : Field: certificateTypeEnum is null
]]></system-out>
  </testcase>
  <testcase name="testInvalidURLQRCodeGeneratorWhatsapp" classname="com.whale.web.documents.DocumentsTest" time="0.024"/>
  <testcase name="testUnableToConvertImageToOutputFormatException" classname="com.whale.web.documents.DocumentsTest" time="0.024">
    <system-out><![CDATA[2023-12-04T19:33:13.912-03:00 ERROR 23988 --- [           main] c.w.web.documents.DocumentsController    : Unsupported file format. Please choose a  bmp, jpg, jpeg, or gif file.
]]></system-out>
  </testcase>
  <testcase name="testCompactConverterForTwoArchives" classname="com.whale.web.documents.DocumentsTest" time="0.034">
    <system-out><![CDATA[2023-12-04T19:33:13.946-03:00  INFO 23988 --- [           main] c.w.web.documents.DocumentsController    : Compressed file conversion successful
]]></system-out>
  </testcase>
  <testcase name="compressFileShouldReturnTheFileZip" classname="com.whale.web.documents.DocumentsTest" time="0.044">
    <system-out><![CDATA[2023-12-04T19:33:13.987-03:00  INFO 23988 --- [           main] c.w.web.documents.DocumentsController    : File compressed successfully
]]></system-out>
  </testcase>
  <testcase name="testCompactConverterForOneArchive" classname="com.whale.web.documents.DocumentsTest" time="0.008">
    <system-out><![CDATA[2023-12-04T19:33:14.005-03:00  INFO 23988 --- [           main] c.w.web.documents.DocumentsController    : Compressed file conversion successful
]]></system-out>
  </testcase>
  <testcase name="testQRCodeGeneratorLink" classname="com.whale.web.documents.DocumentsTest" time="0.068">
    <system-out><![CDATA[2023-12-04T19:33:14.077-03:00  INFO 23988 --- [           main] c.w.web.documents.DocumentsController    : QRCOde link generated successfully
]]></system-out>
  </testcase>
  <testcase name="testConvertImageFormatWithNullImage" classname="com.whale.web.documents.DocumentsTest" time="0.008">
    <system-out><![CDATA[2023-12-04T19:33:14.087-03:00 ERROR 23988 --- [           main] c.w.web.documents.DocumentsController    : Uploaded image file is null, empty or image format is not supported
]]></system-out>
  </testcase>
  <testcase name="testInvalidURLQRCodeGeneratorLink" classname="com.whale.web.documents.DocumentsTest" time="0.009"/>
  <testcase name="testInvalidURLQRCodeGeneratorEmail" classname="com.whale.web.documents.DocumentsTest" time="0.026"/>
  <testcase name="testUnexpectedFileFormatException" classname="com.whale.web.documents.DocumentsTest" time="0.008">
    <system-out><![CDATA[2023-12-04T19:33:14.135-03:00 ERROR 23988 --- [           main] c.w.web.documents.DocumentsController    : Unsupported file format. Please choose a  bmp, jpg, jpeg, or gif file.
]]></system-out>
  </testcase>
  <testcase name="testQRCodeGeneratorEmail" classname="com.whale.web.documents.DocumentsTest" time="0.049">
    <system-out><![CDATA[2023-12-04T19:33:14.186-03:00  INFO 23988 --- [           main] c.w.web.documents.DocumentsController    : QRCOde email generated successfully
]]></system-out>
  </testcase>
  <testcase name="testToConvertAndDownloadImageSuccessfully" classname="com.whale.web.documents.DocumentsTest" time="0.03">
    <system-out><![CDATA[2023-12-04T19:33:14.214-03:00  INFO 23988 --- [           main] c.w.web.documents.DocumentsController    : Image converted successfully
]]></system-out>
  </testcase>
</testsuite>